no-obsolete  ca  1162
untranslated ca  0
fuzzy        ca  0

no-obsolete  de  1162
untranslated de  22
fuzzy        de  0

no-obsolete  es  1162
untranslated es  0
fuzzy        es  0

no-obsolete  fr  1162
untranslated fr  0
fuzzy        fr  0

no-obsolete  it  1162
untranslated it  0
fuzzy        it  0

no-obsolete  ja  1162
untranslated ja  0
fuzzy        ja  0

no-obsolete  ru  1162
untranslated ru  0
fuzzy        ru  0

no-obsolete  zh-cn  1162
untranslated zh-cn  241
fuzzy        zh-cn  589

no-obsolete  zh-tw  1162
untranslated zh-tw  268
fuzzy        zh-tw  609

